Determining if the pthread_create exist failed with the following output:
Change Dir: /home/robot/Documents/2.120-Project/Project_files/catkin_ws/src/me212_robot/CMakeFiles/CMakeTmp

Run Build Command:"/usr/bin/make" "cmTC_13bf2/fast"
/usr/bin/make -f CMakeFiles/cmTC_13bf2.dir/build.make CMakeFiles/cmTC_13bf2.dir/build
make[1]: Entering directory '/home/robot/Documents/2.120-Project/Project_files/catkin_ws/src/me212_robot/CMakeFiles/CMakeTmp'
Building C object CMakeFiles/cmTC_13bf2.dir/CheckSymbolExists.c.o
/usr/bin/cc    -Wreturn-type -Wuninitialized     -o CMakeFiles/cmTC_13bf2.dir/CheckSymbolExists.c.o   -c /home/robot/Documents/2.120-Project/Project_files/catkin_ws/src/me212_robot/CMakeFiles/CMakeTmp/CheckSymbolExists.c
Linking C executable cmTC_13bf2
/usr/bin/cmake -E cmake_link_script CMakeFiles/cmTC_13bf2.dir/link.txt --verbose=1
/usr/bin/cc   -Wreturn-type -Wuninitialized      CMakeFiles/cmTC_13bf2.dir/CheckSymbolExists.c.o  -o cmTC_13bf2 -rdynamic 
CMakeFiles/cmTC_13bf2.dir/CheckSymbolExists.c.o: In function `main':
CheckSymbolExists.c:(.text+0x16): undefined reference to `pthread_create'
collect2: error: ld returned 1 exit status
CMakeFiles/cmTC_13bf2.dir/build.make:97: recipe for target 'cmTC_13bf2' failed
make[1]: *** [cmTC_13bf2] Error 1
make[1]: Leaving directory '/home/robot/Documents/2.120-Project/Project_files/catkin_ws/src/me212_robot/CMakeFiles/CMakeTmp'
Makefile:126: recipe for target 'cmTC_13bf2/fast' failed
make: *** [cmTC_13bf2/fast] Error 2

File /home/robot/Documents/2.120-Project/Project_files/catkin_ws/src/me212_robot/CMakeFiles/CMakeTmp/CheckSymbolExists.c:
/* */
#include <pthread.h>

int main(int argc, char** argv)
{
  (void)argv;
#ifndef pthread_create
  return ((int*)(&pthread_create))[argc];
#else
  (void)argc;
  return 0;
#endif
}

Determining if the function pthread_create exists in the pthreads failed with the following output:
Change Dir: /home/robot/Documents/2.120-Project/Project_files/catkin_ws/src/me212_robot/CMakeFiles/CMakeTmp

Run Build Command:"/usr/bin/make" "cmTC_d33e3/fast"
/usr/bin/make -f CMakeFiles/cmTC_d33e3.dir/build.make CMakeFiles/cmTC_d33e3.dir/build
make[1]: Entering directory '/home/robot/Documents/2.120-Project/Project_files/catkin_ws/src/me212_robot/CMakeFiles/CMakeTmp'
Building C object CMakeFiles/cmTC_d33e3.dir/CheckFunctionExists.c.o
/usr/bin/cc    -Wreturn-type -Wuninitialized  -DCHECK_FUNCTION_EXISTS=pthread_create   -o CMakeFiles/cmTC_d33e3.dir/CheckFunctionExists.c.o   -c /usr/share/cmake-3.5/Modules/CheckFunctionExists.c
Linking C executable cmTC_d33e3
/usr/bin/cmake -E cmake_link_script CMakeFiles/cmTC_d33e3.dir/link.txt --verbose=1
/usr/bin/cc   -Wreturn-type -Wuninitialized  -DCHECK_FUNCTION_EXISTS=pthread_create    CMakeFiles/cmTC_d33e3.dir/CheckFunctionExists.c.o  -o cmTC_d33e3 -rdynamic -lpthreads 
/usr/bin/ld: cannot find -lpthreads
collect2: error: ld returned 1 exit status
CMakeFiles/cmTC_d33e3.dir/build.make:97: recipe for target 'cmTC_d33e3' failed
make[1]: *** [cmTC_d33e3] Error 1
make[1]: Leaving directory '/home/robot/Documents/2.120-Project/Project_files/catkin_ws/src/me212_robot/CMakeFiles/CMakeTmp'
Makefile:126: recipe for target 'cmTC_d33e3/fast' failed
make: *** [cmTC_d33e3/fast] Error 2


